applocknew/build/outputs/logs/manifest-merger-debug-report.txt
-- Merging decision tree log ---
manifest
ADDED from src\main\AndroidManifest.xml:2:1-192:12
	package
		ADDED from src\main\AndroidManifest.xml:3:9-34
		INJECTED from src\main\AndroidManifest.xml
		INJECTED from src\main\AndroidManifest.xml
	android:versionName
		INJECTED from src\main\AndroidManifest.xml
		INJECTED from src\main\AndroidManifest.xml
	xmlns:tools
		ADDED from src\main\AndroidManifest.xml:5:5-51
	xmlns:android
		ADDED from src\main\AndroidManifest.xml:4:5-63
	android:versionCode
		INJECTED from src\main\AndroidManifest.xml
		INJECTED from src\main\AndroidManifest.xml
uses-permission#android.permission.DISABLE_KEYGUARD
ADDED from src\main\AndroidManifest.xml:7:5-75
	android:name
		ADDED from src\main\AndroidManifest.xml:7:22-72
uses-permission#android.permission.GET_TASKS
ADDED from src\main\AndroidManifest.xml:8:5-67
	android:name
		ADDED from src\main\AndroidManifest.xml:8:22-65
uses-permission#android.permission.WRITE_EXTERNAL_STORAGE
ADDED from src\main\AndroidManifest.xml:9:5-80
MERGED from [AppLock-aurora-v1:api:unspecified] AndroidManifest.xml:11:5-81
MERGED from [com.squareup.leakcanary:leakcanary-android:1.3.1] AndroidManifest.xml:25:5-81
	android:name
		ADDED from src\main\AndroidManifest.xml:9:22-78
uses-permission#android.permission.RECEIVE_BOOT_COMPLETED
ADDED from src\main\AndroidManifest.xml:10:5-80
	android:name
		ADDED from src\main\AndroidManifest.xml:10:22-78
uses-permission#android.permission.READ_PHONE_STATE
ADDED from src\main\AndroidManifest.xml:11:5-74
	android:name
		ADDED from src\main\AndroidManifest.xml:11:22-72
uses-permission#android.permission.INTERNET
ADDED from src\main\AndroidManifest.xml:12:5-66
MERGED from [com.privacy.lib:common:1.1.0] AndroidManifest.xml:11:5-67
MERGED from [com.google.android.gms:play-services-analytics:8.4.0] AndroidManifest.xml:21:5-67
	android:name
		ADDED from src\main\AndroidManifest.xml:12:22-64
uses-permission#android.permission.ACCESS_NETWORK_STATE
ADDED from src\main\AndroidManifest.xml:13:5-78
MERGED from [com.google.android.gms:play-services-analytics:8.4.0] AndroidManifest.xml:22:5-79
	android:name
		ADDED from src\main\AndroidManifest.xml:13:22-76
uses-permission#android.permission.ACCESS_WIFI_STATE
ADDED from src\main\AndroidManifest.xml:14:5-75
	android:name
		ADDED from src\main\AndroidManifest.xml:14:22-73
uses-permission#android.permission.READ_LOGS
ADDED from src\main\AndroidManifest.xml:15:5-67
	android:name
		ADDED from src\main\AndroidManifest.xml:15:22-65
uses-permission#android.permission.CAMERA
ADDED from src\main\AndroidManifest.xml:16:5-64
	android:name
		ADDED from src\main\AndroidManifest.xml:16:22-62
uses-permission#android.permission.READ_EXTERNAL_STORAGE
ADDED from src\main\AndroidManifest.xml:17:5-80
	android:name
		ADDED from src\main\AndroidManifest.xml:17:22-77
uses-permission#android.permission.PACKAGE_USAGE_STATS
ADDED from src\main\AndroidManifest.xml:19:5-21:46
	tools:ignore
		ADDED from src\main\AndroidManifest.xml:21:9-44
	android:name
		ADDED from src\main\AndroidManifest.xml:20:9-62
uses-permission#android.permission.SYSTEM_ALERT_WINDOW
ADDED from src\main\AndroidManifest.xml:22:5-77
	android:name
		ADDED from src\main\AndroidManifest.xml:22:22-75
supports-screens
ADDED from src\main\AndroidManifest.xml:24:5-50
	android:anyDensity
		ADDED from src\main\AndroidManifest.xml:24:23-48
application
ADDED from src\main\AndroidManifest.xml:25:5-191:19
MERGED from [com.android.support:support-v4:23.1.1] AndroidManifest.xml:22:5-20
MERGED from [com.android.support:design:23.1.1] AndroidManifest.xml:22:5-20
MERGED from [com.android.support:appcompat-v7:23.1.1] AndroidManifest.xml:22:5-20
MERGED from [AppLock-aurora-v1:api:unspecified] AndroidManifest.xml:13:5-16:19
MERGED from [com.android.support:cardview-v7:23.1.1] AndroidManifest.xml:22:5-20
MERGED from [com.privacy.lib:common:1.1.0] AndroidManifest.xml:13:5-42:19
MERGED from [com.google.android.gms:play-services-analytics:8.4.0] AndroidManifest.xml:24:5-20
MERGED from [com.google.android.gms:play-services-basement:8.4.0] AndroidManifest.xml:20:5-24:19
MERGED from [com.core:empty:1.0.3] AndroidManifest.xml:11:5-15:19
MERGED from [com.core:common:1.0.1] AndroidManifest.xml:11:5-15:19
MERGED from [com.squareup.leakcanary:leakcanary-android:1.3.1] AndroidManifest.xml:27:5-49:19
	android:label
		ADDED from [AppLock-aurora-v1:api:unspecified] AndroidManifest.xml:15:9-41
	android:supportsRtl
		ADDED from [com.core:empty:1.0.3] AndroidManifest.xml:14:9-35
	android:manageSpaceActivity
		ADDED from src\main\AndroidManifest.xml:29:9-67
	android:allowBackup
		ADDED from src\main\AndroidManifest.xml:27:9-35
	android:icon
		ADDED from src\main\AndroidManifest.xml:28:9-40
	android:persistent
		ADDED from src\main\AndroidManifest.xml:30:9-34
	android:theme
		ADDED from src\main\AndroidManifest.xml:31:9-40
	android:name
		ADDED from src\main\AndroidManifest.xml:26:9-51
meta-data#com.google.android.gms.version
ADDED from src\main\AndroidManifest.xml:32:9-34:68
MERGED from [com.google.android.gms:play-services-basement:8.4.0] AndroidManifest.xml:21:9-23:69
	android:value
		ADDED from src\main\AndroidManifest.xml:34:13-66
	android:name
		ADDED from src\main\AndroidManifest.xml:33:13-58
meta-data#com.google.android.gms.analytics.globalConfigResource
ADDED from src\main\AndroidManifest.xml:35:9-37:49
	android:resource
		ADDED from src\main\AndroidManifest.xml:37:13-47
	android:name
		ADDED from src\main\AndroidManifest.xml:36:13-81
activity#com.suo.applock.InvadeImageActivity
ADDED from src\main\AndroidManifest.xml:40:9-44:15
	android:screenOrientation
		ADDED from src\main\AndroidManifest.xml:42:13-49
	android:excludeFromRecents
		ADDED from src\main\AndroidManifest.xml:41:13-46
	android:theme
		ADDED from src\main\AndroidManifest.xml:43:13-44
	android:name
		ADDED from src\main\AndroidManifest.xml:40:19-69
activity#com.suo.applock.InvadeSetActivity
ADDED from src\main\AndroidManifest.xml:45:9-49:15
	android:screenOrientation
		ADDED from src\main\AndroidManifest.xml:47:13-49
	android:excludeFromRecents
		ADDED from src\main\AndroidManifest.xml:46:13-46
	android:theme
		ADDED from src\main\AndroidManifest.xml:48:13-44
	android:name
		ADDED from src\main\AndroidManifest.xml:45:19-67
activity#com.suo.applock.SuoMain
ADDED from src\main\AndroidManifest.xml:51:9-54:46
	android:excludeFromRecents
		ADDED from src\main\AndroidManifest.xml:53:13-46
	android:theme
		ADDED from src\main\AndroidManifest.xml:54:13-44
	android:name
		ADDED from src\main\AndroidManifest.xml:52:13-51
activity#com.suo.applock.SetupActivity
ADDED from src\main\AndroidManifest.xml:55:9-61:57
	android:screenOrientation
		ADDED from src\main\AndroidManifest.xml:59:13-49
	android:excludeFromRecents
		ADDED from src\main\AndroidManifest.xml:58:13-46
	android:launchMode
		ADDED from src\main\AndroidManifest.xml:57:13-48
	android:windowSoftInputMode
		ADDED from src\main\AndroidManifest.xml:61:13-55
	android:theme
		ADDED from src\main\AndroidManifest.xml:60:13-50
	android:name
		ADDED from src\main\AndroidManifest.xml:56:13-57
activity#com.suo.applock.InvadeActivity
ADDED from src\main\AndroidManifest.xml:62:9-69:46
	android:screenOrientation
		ADDED from src\main\AndroidManifest.xml:67:13-49
	android:excludeFromRecents
		ADDED from src\main\AndroidManifest.xml:66:13-46
	android:allowTaskReparenting
		ADDED from src\main\AndroidManifest.xml:65:13-48
	android:theme
		ADDED from src\main\AndroidManifest.xml:69:13-44
	android:taskAffinity
		ADDED from src\main\AndroidManifest.xml:68:13-42
	android:name
		ADDED from src\main\AndroidManifest.xml:64:13-58
activity#com.suo.applock.MainActivity
ADDED from src\main\AndroidManifest.xml:70:9-90:20
	android:screenOrientation
		ADDED from src\main\AndroidManifest.xml:77:13-49
	android:label
		ADDED from src\main\AndroidManifest.xml:75:13-45
	android:excludeFromRecents
		ADDED from src\main\AndroidManifest.xml:73:13-46
	android:launchMode
		ADDED from src\main\AndroidManifest.xml:76:13-48
	android:windowSoftInputMode
		ADDED from src\main\AndroidManifest.xml:79:13-55
	android:configChanges
		ADDED from src\main\AndroidManifest.xml:72:13-109
	android:icon
		ADDED from src\main\AndroidManifest.xml:74:13-44
	android:theme
		ADDED from src\main\AndroidManifest.xml:78:13-49
	android:name
		ADDED from src\main\AndroidManifest.xml:71:13-56
intent-filter#android.intent.action.MAIN+android.intent.category.DEFAULT+android.intent.category.LAUNCHER
ADDED from src\main\AndroidManifest.xml:80:13-85:29
action#android.intent.action.MAIN
ADDED from src\main\AndroidManifest.xml:81:17-68
	android:name
		ADDED from src\main\AndroidManifest.xml:81:25-66
category#android.intent.category.LAUNCHER
ADDED from src\main\AndroidManifest.xml:83:17-76
	android:name
		ADDED from src\main\AndroidManifest.xml:83:27-74
category#android.intent.category.DEFAULT
ADDED from src\main\AndroidManifest.xml:84:17-75
	android:name
		ADDED from src\main\AndroidManifest.xml:84:27-73
intent-filter#android.intent.category.DEFAULT+com.settings.start.patten
ADDED from src\main\AndroidManifest.xml:86:13-89:29
action#com.settings.start.patten
ADDED from src\main\AndroidManifest.xml:87:17-68
	android:name
		ADDED from src\main\AndroidManifest.xml:87:25-65
activity#com.suo.applock.Main1Activity
ADDED from src\main\AndroidManifest.xml:92:9-109:20
	android:enabled
		ADDED from src\main\AndroidManifest.xml:96:13-36
	android:screenOrientation
		ADDED from src\main\AndroidManifest.xml:100:13-49
	android:label
		ADDED from src\main\AndroidManifest.xml:98:13-45
	android:excludeFromRecents
		ADDED from src\main\AndroidManifest.xml:97:13-46
	android:launchMode
		ADDED from src\main\AndroidManifest.xml:99:13-48
	android:windowSoftInputMode
		ADDED from src\main\AndroidManifest.xml:102:13-55
	android:configChanges
		ADDED from src\main\AndroidManifest.xml:95:13-109
	android:theme
		ADDED from src\main\AndroidManifest.xml:101:13-49
	android:name
		ADDED from src\main\AndroidManifest.xml:94:13-57
activity#com.suo.applock.TogActivity
ADDED from src\main\AndroidManifest.xml:110:9-116:51
	android:screenOrientation
		ADDED from src\main\AndroidManifest.xml:115:13-49
	android:excludeFromRecents
		ADDED from src\main\AndroidManifest.xml:111:13-46
	android:launchMode
		ADDED from src\main\AndroidManifest.xml:114:13-48
	android:theme
		ADDED from src\main\AndroidManifest.xml:116:13-49
	android:name
		ADDED from src\main\AndroidManifest.xml:113:13-55
activity#com.suo.applock.view.MoreApp
ADDED from src\main\AndroidManifest.xml:117:9-123:46
	android:excludeFromRecents
		ADDED from src\main\AndroidManifest.xml:119:13-46
	android:launchMode
		ADDED from src\main\AndroidManifest.xml:122:13-48
	android:exported
		ADDED from src\main\AndroidManifest.xml:121:13-36
	android:theme
		ADDED from src\main\AndroidManifest.xml:123:13-44
	android:name
		ADDED from src\main\AndroidManifest.xml:120:13-56
activity#com.suo.applock.Unlockactivity
ADDED from src\main\AndroidManifest.xml:124:9-131:20
	android:screenOrientation
		ADDED from src\main\AndroidManifest.xml:129:13-49
	android:excludeFromRecents
		ADDED from src\main\AndroidManifest.xml:128:13-46
	android:configChanges
		ADDED from src\main\AndroidManifest.xml:127:13-109
	android:theme
		ADDED from src\main\AndroidManifest.xml:130:13-44
	android:name
		ADDED from src\main\AndroidManifest.xml:126:13-58
activity#com.suo.applock.SettingActivity
ADDED from src\main\AndroidManifest.xml:133:9-143:20
	android:screenOrientation
		ADDED from src\main\AndroidManifest.xml:137:13-49
	android:excludeFromRecents
		ADDED from src\main\AndroidManifest.xml:134:13-46
	android:theme
		ADDED from src\main\AndroidManifest.xml:138:13-44
	android:name
		ADDED from src\main\AndroidManifest.xml:136:13-59
intent-filter#android.intent.category.DEFAULT+com.settings.start.setting
ADDED from src\main\AndroidManifest.xml:139:13-142:29
action#com.settings.start.setting
ADDED from src\main\AndroidManifest.xml:140:17-69
	android:name
		ADDED from src\main\AndroidManifest.xml:140:25-66
service#com.suo.applock.c
ADDED from src\main\AndroidManifest.xml:145:9-88
	android:process
		ADDED from src\main\AndroidManifest.xml:145:52-77
	android:name
		ADDED from src\main\AndroidManifest.xml:145:18-50
service#com.suo.applock.HandlewenjianService
ADDED from src\main\AndroidManifest.xml:146:9-71
	android:name
		ADDED from src\main\AndroidManifest.xml:146:18-69
service#com.suo.applock.WorkService
ADDED from src\main\AndroidManifest.xml:149:9-62
	android:name
		ADDED from src\main\AndroidManifest.xml:149:18-60
receiver#com.google.android.gms.analytics.AnalyticsReceiver
ADDED from src\main\AndroidManifest.xml:151:9-157:20
MERGED from [com.privacy.lib:common:1.1.0] AndroidManifest.xml:16:9-22:20
	android:enabled
		ADDED from src\main\AndroidManifest.xml:153:13-35
	android:name
		ADDED from src\main\AndroidManifest.xml:152:13-78
intent-filter#com.google.android.gms.analytics.ANALYTICS_DISPATCH
ADDED from src\main\AndroidManifest.xml:154:13-156:29
action#com.google.android.gms.analytics.ANALYTICS_DISPATCH
ADDED from src\main\AndroidManifest.xml:155:17-93
	android:name
		ADDED from src\main\AndroidManifest.xml:155:25-91
service#com.google.android.gms.analytics.AnalyticsService
ADDED from src\main\AndroidManifest.xml:158:9-161:39
MERGED from [com.privacy.lib:common:1.1.0] AndroidManifest.xml:24:9-27:40
	android:enabled
		ADDED from src\main\AndroidManifest.xml:160:13-35
	android:exported
		ADDED from src\main\AndroidManifest.xml:161:13-37
	android:name
		ADDED from src\main\AndroidManifest.xml:159:13-77
receiver#com.google.android.gms.analytics.CampaignTrackingReceiver
ADDED from src\main\AndroidManifest.xml:165:9-171:20
MERGED from [com.privacy.lib:common:1.1.0] AndroidManifest.xml:33:9-39:20
	android:exported
		ADDED from src\main\AndroidManifest.xml:167:13-36
	android:name
		ADDED from src\main\AndroidManifest.xml:166:13-85
intent-filter#com.android.vending.INSTALL_REFERRER
ADDED from src\main\AndroidManifest.xml:168:13-170:29
action#com.android.vending.INSTALL_REFERRER
ADDED from src\main\AndroidManifest.xml:169:17-78
	android:name
		ADDED from src\main\AndroidManifest.xml:169:25-76
service#com.google.android.gms.analytics.CampaignTrackingService
ADDED from src\main\AndroidManifest.xml:172:9-91
MERGED from [com.privacy.lib:common:1.1.0] AndroidManifest.xml:41:9-92
	android:name
		ADDED from src\main\AndroidManifest.xml:172:18-89
receiver#com.suo.applock.BattReceiver
ADDED from src\main\AndroidManifest.xml:175:9-190:20
	android:exported
		ADDED from src\main\AndroidManifest.xml:177:13-37
	android:name
		ADDED from src\main\AndroidManifest.xml:176:13-56
intent-filter#android.intent.action.BOOT_COMPLETED+android.intent.category.DEFAULT
ADDED from src\main\AndroidManifest.xml:178:13-181:29
	android:priority
		ADDED from src\main\AndroidManifest.xml:178:28-51
action#android.intent.action.BOOT_COMPLETED
ADDED from src\main\AndroidManifest.xml:179:17-78
	android:name
		ADDED from src\main\AndroidManifest.xml:179:25-76
intent-filter#android.intent.action.PACKAGE_ADDED+android.intent.action.PACKAGE_REMOVED+android.intent.category.DEFAULT
ADDED from src\main\AndroidManifest.xml:182:13-188:29
action#android.intent.action.PACKAGE_ADDED
ADDED from src\main\AndroidManifest.xml:183:17-77
	android:name
		ADDED from src\main\AndroidManifest.xml:183:25-75
action#android.intent.action.PACKAGE_REMOVED
ADDED from src\main\AndroidManifest.xml:184:17-79
	android:name
		ADDED from src\main\AndroidManifest.xml:184:25-77
data
ADDED from src\main\AndroidManifest.xml:187:17-49
	android:scheme
		ADDED from src\main\AndroidManifest.xml:187:23-47
uses-sdk
INJECTED from src\main\AndroidManifest.xml reason: use-sdk injection requested
MERGED from [AppLock-aurora-v1:ByakuGallery:unspecified] AndroidManifest.xml:5:5-7:41
MERGED from [com.android.support:support-v4:23.1.1] AndroidManifest.xml:20:5-43
MERGED from [com.android.support:design:23.1.1] AndroidManifest.xml:20:5-43
MERGED from [com.android.support:appcompat-v7:23.1.1] AndroidManifest.xml:20:5-43
MERGED from [com.android.support:recyclerview-v7:23.1.1] AndroidManifest.xml:20:5-43
MERGED from [AppLock-aurora-v1:api:unspecified] AndroidManifest.xml:7:5-9:41
MERGED from [com.android.support:cardview-v7:23.1.1] AndroidManifest.xml:20:5-43
MERGED from [com.privacy.lib:common:1.1.0] AndroidManifest.xml:7:5-9:41
MERGED from [com.google.android.gms:play-services-analytics:8.4.0] AndroidManifest.xml:18:5-42
MERGED from [com.google.android.gms:play-services-basement:8.4.0] AndroidManifest.xml:18:5-42
MERGED from [com.core:empty:1.0.3] AndroidManifest.xml:7:5-9:41
MERGED from [com.core:common:1.0.1] AndroidManifest.xml:7:5-9:41
MERGED from [com.squareup.leakcanary:leakcanary-android:1.3.1] AndroidManifest.xml:20:5-22:41
	android:targetSdkVersion
		INJECTED from src\main\AndroidManifest.xml
		INJECTED from src\main\AndroidManifest.xml
	android:minSdkVersion
		INJECTED from src\main\AndroidManifest.xml
		INJECTED from src\main\AndroidManifest.xml
service#com.squareup.leakcanary.internal.HeapAnalyzerService
ADDED from [com.squareup.leakcanary:leakcanary-android:1.3.1] AndroidManifest.xml:28:9-31:45
	android:enabled
		ADDED from [com.squareup.leakcanary:leakcanary-android:1.3.1] AndroidManifest.xml:30:13-36
	android:process
		ADDED from [com.squareup.leakcanary:leakcanary-android:1.3.1] AndroidManifest.xml:31:13-42
	android:name
		ADDED from [com.squareup.leakcanary:leakcanary-android:1.3.1] AndroidManifest.xml:29:13-80
service#com.squareup.leakcanary.DisplayLeakService
ADDED from [com.squareup.leakcanary:leakcanary-android:1.3.1] AndroidManifest.xml:32:9-34:39
	android:enabled
		ADDED from [com.squareup.leakcanary:leakcanary-android:1.3.1] AndroidManifest.xml:34:13-36
	android:name
		ADDED from [com.squareup.leakcanary:leakcanary-android:1.3.1] AndroidManifest.xml:33:13-70
activity#com.squareup.leakcanary.internal.DisplayLeakActivity
ADDED from [com.squareup.leakcanary:leakcanary-android:1.3.1] AndroidManifest.xml:36:9-48:20
	android:enabled
		ADDED from [com.squareup.leakcanary:leakcanary-android:1.3.1] AndroidManifest.xml:38:13-36
	android:label
		ADDED from [com.squareup.leakcanary:leakcanary-android:1.3.1] AndroidManifest.xml:40:13-73
	android:icon
		ADDED from [com.squareup.leakcanary:leakcanary-android:1.3.1] AndroidManifest.xml:39:13-56
	android:theme
		ADDED from [com.squareup.leakcanary:leakcanary-android:1.3.1] AndroidManifest.xml:42:13-53
	android:taskAffinity
		ADDED from [com.squareup.leakcanary:leakcanary-android:1.3.1] AndroidManifest.xml:41:13-59
	android:name
		ADDED from [com.squareup.leakcanary:leakcanary-android:1.3.1] AndroidManifest.xml:37:13-80
intent-filter#android.intent.action.MAIN+android.intent.category.LAUNCHER
ADDED from [com.squareup.leakcanary:leakcanary-android:1.3.1] AndroidManifest.xml:43:13-47:29